# JRE version: OpenJDK Runtime Environment (11.0.12+7) (build 11.0.12+7-b1504.28-7817840)
# Java VM: OpenJDK 64-Bit Server VM (11.0.12+7-b1504.28-7817840, mixed mode, tiered, compressed oops, g1 gc, windows-amd64)
Heap:
 garbage-first heap   total 258048K, used 60514K [0x0000000080000000, 0x0000000100000000)
  region size 1024K, 44 young (45056K), 3 survivors (3072K)
 Metaspace       used 32134K, capacity 32946K, committed 33024K, reserved 1077248K
  class space    used 4286K, capacity 4574K, committed 4608K, reserved 1048576K
GC Heap History (6 events):
Event: 1.249 GC heap before
{Heap before GC invocations=0 (full 0):
 garbage-first heap   total 258048K, used 29696K [0x0000000080000000, 0x0000000100000000)
  region size 1024K, 24 young (24576K), 0 survivors (0K)
 Metaspace       used 9755K, capacity 9956K, committed 10112K, reserved 1058816K
  class space    used 1012K, capacity 1069K, committed 1152K, reserved 1048576K
}
Event: 1.267 GC heap after
{Heap after GC invocations=1 (full 0):
 garbage-first heap   total 258048K, used 9097K [0x0000000080000000, 0x0000000100000000)
  region size 1024K, 3 young (3072K), 3 survivors (3072K)
 Metaspace       used 9755K, capacity 9956K, committed 10112K, reserved 1058816K
  class space    used 1012K, capacity 1069K, committed 1152K, reserved 1048576K
}
Event: 5.731 GC heap before
{Heap before GC invocations=1 (full 0):
 garbage-first heap   total 258048K, used 116617K [0x0000000080000000, 0x0000000100000000)
  region size 1024K, 109 young (111616K), 3 survivors (3072K)
 Metaspace       used 20728K, capacity 21135K, committed 21248K, reserved 1067008K
  class space    used 2540K, capacity 2710K, committed 2816K, reserved 1048576K
}
Event: 5.744 GC heap after
{Heap after GC invocations=2 (full 0):
 garbage-first heap   total 258048K, used 16664K [0x0000000080000000, 0x0000000100000000)
  region size 1024K, 11 young (11264K), 11 survivors (11264K)
 Metaspace       used 20728K, capacity 21135K, committed 21248K, reserved 1067008K
  class space    used 2540K, capacity 2710K, committed 2816K, reserved 1048576K
}
Event: 7.496 GC heap before
{Heap before GC invocations=3 (full 0):
 garbage-first heap   total 258048K, used 82200K [0x0000000080000000, 0x0000000100000000)
  region size 1024K, 75 young (76800K), 11 survivors (11264K)
 Metaspace       used 27360K, capacity 27974K, committed 28160K, reserved 1073152K
  class space    used 3581K, capacity 3809K, committed 3840K, reserved 1048576K
}
Event: 7.507 GC heap after
{Heap after GC invocations=4 (full 0):
 garbage-first heap   total 258048K, used 19554K [0x0000000080000000, 0x0000000100000000)
  region size 1024K, 3 young (3072K), 3 survivors (3072K)
 Metaspace       used 27360K, capacity 27974K, committed 28160K, reserved 1073152K
  class space    used 3581K, capacity 3809K, committed 3840K, reserved 1048576K
}

