# JRE version: OpenJDK Runtime Environment (11.0.12+7) (build 11.0.12+7-b1504.28-7817840)
# Java VM: OpenJDK 64-Bit Server VM (11.0.12+7-b1504.28-7817840, mixed mode, tiered, compressed oops, g1 gc, windows-amd64)
Heap:
 garbage-first heap   total 258048K, used 60953K [0x0000000080000000, 0x0000000100000000)
  region size 1024K, 28 young (28672K), 19 survivors (19456K)
 Metaspace       used 55106K, capacity 56545K, committed 56652K, reserved 1097728K
  class space    used 7052K, capacity 7545K, committed 7552K, reserved 1048576K
GC Heap History (14 events):
Event: 1.774 GC heap before
{Heap before GC invocations=0 (full 0):
 garbage-first heap   total 258048K, used 29696K [0x0000000080000000, 0x0000000100000000)
  region size 1024K, 24 young (24576K), 0 survivors (0K)
 Metaspace       used 9790K, capacity 10020K, committed 10112K, reserved 1058816K
  class space    used 1014K, capacity 1069K, committed 1152K, reserved 1048576K
}
Event: 1.786 GC heap after
{Heap after GC invocations=1 (full 0):
 garbage-first heap   total 258048K, used 9156K [0x0000000080000000, 0x0000000100000000)
  region size 1024K, 3 young (3072K), 3 survivors (3072K)
 Metaspace       used 9790K, capacity 10020K, committed 10112K, reserved 1058816K
  class space    used 1014K, capacity 1069K, committed 1152K, reserved 1048576K
}
Event: 5.446 GC heap before
{Heap before GC invocations=1 (full 0):
 garbage-first heap   total 258048K, used 116676K [0x0000000080000000, 0x0000000100000000)
  region size 1024K, 109 young (111616K), 3 survivors (3072K)
 Metaspace       used 20697K, capacity 21135K, committed 21248K, reserved 1067008K
  class space    used 2540K, capacity 2710K, committed 2816K, reserved 1048576K
}
Event: 5.464 GC heap after
{Heap after GC invocations=2 (full 0):
 garbage-first heap   total 258048K, used 17011K [0x0000000080000000, 0x0000000100000000)
  region size 1024K, 11 young (11264K), 11 survivors (11264K)
 Metaspace       used 20697K, capacity 21135K, committed 21248K, reserved 1067008K
  class space    used 2540K, capacity 2710K, committed 2816K, reserved 1048576K
}
Event: 5.653 GC heap before
{Heap before GC invocations=3 (full 0):
 garbage-first heap   total 258048K, used 30323K [0x0000000080000000, 0x0000000100000000)
  region size 1024K, 24 young (24576K), 11 survivors (11264K)
 Metaspace       used 22331K, capacity 22811K, committed 22912K, reserved 1069056K
  class space    used 2785K, capacity 2933K, committed 2944K, reserved 1048576K
}
Event: 5.661 GC heap after
{Heap after GC invocations=4 (full 0):
 garbage-first heap   total 258048K, used 17567K [0x0000000080000000, 0x0000000100000000)
  region size 1024K, 1 young (1024K), 1 survivors (1024K)
 Metaspace       used 22331K, capacity 22811K, committed 22912K, reserved 1069056K
  class space    used 2785K, capacity 2933K, committed 2944K, reserved 1048576K
}
Event: 6.905 GC heap before
{Heap before GC invocations=4 (full 0):
 garbage-first heap   total 258048K, used 97439K [0x0000000080000000, 0x0000000100000000)
  region size 1024K, 79 young (80896K), 1 survivors (1024K)
 Metaspace       used 30050K, capacity 30732K, committed 30976K, reserved 1075200K
  class space    used 4009K, capacity 4239K, committed 4352K, reserved 1048576K
}
Event: 6.910 GC heap after
{Heap after GC invocations=5 (full 0):
 garbage-first heap   total 258048K, used 20024K [0x0000000080000000, 0x0000000100000000)
  region size 1024K, 4 young (4096K), 4 survivors (4096K)
 Metaspace       used 30050K, capacity 30732K, committed 30976K, reserved 1075200K
  class space    used 4009K, capacity 4239K, committed 4352K, reserved 1048576K
}
Event: 7.404 GC heap before
{Heap before GC invocations=5 (full 0):
 garbage-first heap   total 258048K, used 39480K [0x0000000080000000, 0x0000000100000000)
  region size 1024K, 24 young (24576K), 4 survivors (4096K)
 Metaspace       used 34970K, capacity 35787K, committed 35840K, reserved 1081344K
  class space    used 4532K, capacity 4839K, committed 4864K, reserved 1048576K
}
Event: 7.416 GC heap after
{Heap after GC invocations=6 (full 0):
 garbage-first heap   total 258048K, used 22081K [0x0000000080000000, 0x0000000100000000)
  region size 1024K, 6 young (6144K), 6 survivors (6144K)
 Metaspace       used 34970K, capacity 35787K, committed 35840K, reserved 1081344K
  class space    used 4532K, capacity 4839K, committed 4864K, reserved 1048576K
}
Event: 9.112 GC heap before
{Heap before GC invocations=7 (full 0):
 garbage-first heap   total 258048K, used 150081K [0x0000000080000000, 0x0000000100000000)
  region size 1024K, 128 young (131072K), 6 survivors (6144K)
 Metaspace       used 45179K, capacity 46258K, committed 46412K, reserved 1089536K
  class space    used 5816K, capacity 6205K, committed 6272K, reserved 1048576K
}
Event: 9.123 GC heap after
{Heap after GC invocations=8 (full 0):
 garbage-first heap   total 258048K, used 29776K [0x0000000080000000, 0x0000000100000000)
  region size 1024K, 13 young (13312K), 13 survivors (13312K)
 Metaspace       used 45179K, capacity 46258K, committed 46412K, reserved 1089536K
  class space    used 5816K, capacity 6205K, committed 6272K, reserved 1048576K
}
Event: 12.268 GC heap before
{Heap before GC invocations=8 (full 0):
 garbage-first heap   total 258048K, used 176208K [0x0000000080000000, 0x0000000100000000)
  region size 1024K, 147 young (150528K), 13 survivors (13312K)
 Metaspace       used 53919K, capacity 55299K, committed 55500K, reserved 1097728K
  class space    used 6876K, capacity 7366K, committed 7424K, reserved 1048576K
}
Event: 12.288 GC heap after
{Heap after GC invocations=9 (full 0):
 garbage-first heap   total 258048K, used 52761K [0x0000000080000000, 0x0000000100000000)
  region size 1024K, 19 young (19456K), 19 survivors (19456K)
 Metaspace       used 53919K, capacity 55299K, committed 55500K, reserved 1097728K
  class space    used 6876K, capacity 7366K, committed 7424K, reserved 1048576K
}

