# JRE version: OpenJDK Runtime Environment (11.0.12+7) (build 11.0.12+7-b1504.28-7817840)
# Java VM: OpenJDK 64-Bit Server VM (11.0.12+7-b1504.28-7817840, mixed mode, tiered, compressed oops, g1 gc, windows-amd64)
Heap:
 garbage-first heap   total 258048K, used 55636K [0x0000000080000000, 0x0000000100000000)
  region size 1024K, 39 young (39936K), 1 survivors (1024K)
 Metaspace       used 26508K, capacity 27070K, committed 27264K, reserved 1073152K
  class space    used 3445K, capacity 3657K, committed 3712K, reserved 1048576K
GC Heap History (6 events):
Event: 1.176 GC heap before
{Heap before GC invocations=0 (full 0):
 garbage-first heap   total 258048K, used 29696K [0x0000000080000000, 0x0000000100000000)
  region size 1024K, 24 young (24576K), 0 survivors (0K)
 Metaspace       used 9769K, capacity 9952K, committed 10112K, reserved 1058816K
  class space    used 1013K, capacity 1069K, committed 1152K, reserved 1048576K
}
Event: 1.187 GC heap after
{Heap after GC invocations=1 (full 0):
 garbage-first heap   total 258048K, used 9359K [0x0000000080000000, 0x0000000100000000)
  region size 1024K, 3 young (3072K), 3 survivors (3072K)
 Metaspace       used 9769K, capacity 9952K, committed 10112K, reserved 1058816K
  class space    used 1013K, capacity 1069K, committed 1152K, reserved 1048576K
}
Event: 4.599 GC heap before
{Heap before GC invocations=1 (full 0):
 garbage-first heap   total 258048K, used 116879K [0x0000000080000000, 0x0000000100000000)
  region size 1024K, 109 young (111616K), 3 survivors (3072K)
 Metaspace       used 20699K, capacity 21131K, committed 21248K, reserved 1067008K
  class space    used 2541K, capacity 2710K, committed 2816K, reserved 1048576K
}
Event: 4.612 GC heap after
{Heap after GC invocations=2 (full 0):
 garbage-first heap   total 258048K, used 17061K [0x0000000080000000, 0x0000000100000000)
  region size 1024K, 11 young (11264K), 11 survivors (11264K)
 Metaspace       used 20699K, capacity 21131K, committed 21248K, reserved 1067008K
  class space    used 2541K, capacity 2710K, committed 2816K, reserved 1048576K
}
Event: 4.914 GC heap before
{Heap before GC invocations=3 (full 0):
 garbage-first heap   total 258048K, used 34469K [0x0000000080000000, 0x0000000100000000)
  region size 1024K, 28 young (28672K), 11 survivors (11264K)
 Metaspace       used 22618K, capacity 23070K, committed 23296K, reserved 1069056K
  class space    used 2840K, capacity 3000K, committed 3072K, reserved 1048576K
}
Event: 4.922 GC heap after
{Heap after GC invocations=4 (full 0):
 garbage-first heap   total 258048K, used 17748K [0x0000000080000000, 0x0000000100000000)
  region size 1024K, 1 young (1024K), 1 survivors (1024K)
 Metaspace       used 22618K, capacity 23070K, committed 23296K, reserved 1069056K
  class space    used 2840K, capacity 3000K, committed 3072K, reserved 1048576K
}

